#! /opt/homebrew/Cellar/icarus-verilog/12.0/bin/vvp
:ivl_version "12.0 (stable)";
:ivl_delay_selection "TYPICAL";
:vpi_time_precision + 0;
:vpi_module "/opt/homebrew/Cellar/icarus-verilog/12.0/lib/ivl/system.vpi";
:vpi_module "/opt/homebrew/Cellar/icarus-verilog/12.0/lib/ivl/vhdl_sys.vpi";
:vpi_module "/opt/homebrew/Cellar/icarus-verilog/12.0/lib/ivl/vhdl_textio.vpi";
:vpi_module "/opt/homebrew/Cellar/icarus-verilog/12.0/lib/ivl/v2005_math.vpi";
:vpi_module "/opt/homebrew/Cellar/icarus-verilog/12.0/lib/ivl/va_math.vpi";
:vpi_module "/opt/homebrew/Cellar/icarus-verilog/12.0/lib/ivl/v2009.vpi";
S_0x1049b9510 .scope package, "$unit" "$unit" 2 1;
 .timescale 0 0;
S_0x1049b9690 .scope module, "tb" "tb" 3 2;
 .timescale 0 0;
v0xa51454960_0 .var "a", 7 0;
v0xa51454a00_0 .var "b", 7 0;
v0xa51454aa0_0 .net "carry", 0 0, L_0xa5144afb0;  1 drivers
v0xa51454b40_0 .var "carry_in", 0 0;
v0xa51454be0_0 .net "y", 7 0, L_0xa51452080;  1 drivers
S_0x1049b62f0 .scope module, "adder" "adder8" 3 9, 4 13 0, S_0x1049b9690;
 .timescale 0 0;
    .port_info 0 /INPUT 8 "a";
    .port_info 1 /INPUT 8 "b";
    .port_info 2 /INPUT 1 "carry_in";
    .port_info 3 /OUTPUT 8 "y";
    .port_info 4 /OUTPUT 1 "carry_out";
L_0xa51449420 .functor XOR 1, L_0xa51450be0, v0xa51454b40_0, C4<0>, C4<0>;
L_0xa51449490 .functor XOR 1, L_0xa51450c80, v0xa51454b40_0, C4<0>, C4<0>;
L_0xa51449500 .functor XOR 1, L_0xa51450d20, v0xa51454b40_0, C4<0>, C4<0>;
L_0xa51449570 .functor XOR 1, L_0xa51450dc0, v0xa51454b40_0, C4<0>, C4<0>;
L_0xa514495e0 .functor XOR 1, L_0xa51450e60, v0xa51454b40_0, C4<0>, C4<0>;
L_0xa51449650 .functor XOR 1, L_0xa51450f00, v0xa51454b40_0, C4<0>, C4<0>;
L_0xa514496c0 .functor XOR 1, L_0xa51450fa0, v0xa51454b40_0, C4<0>, C4<0>;
L_0xa51449730 .functor XOR 1, L_0xa514510e0, v0xa51454b40_0, C4<0>, C4<0>;
v0xa5144fac0_0 .net *"_ivl_10", 0 0, L_0xa51449490;  1 drivers
v0xa5144fb60_0 .net *"_ivl_15", 0 0, L_0xa51450d20;  1 drivers
v0xa5144fc00_0 .net *"_ivl_16", 0 0, L_0xa51449500;  1 drivers
v0xa5144fca0_0 .net *"_ivl_21", 0 0, L_0xa51450dc0;  1 drivers
v0xa5144fd40_0 .net *"_ivl_22", 0 0, L_0xa51449570;  1 drivers
v0xa5144fde0_0 .net *"_ivl_27", 0 0, L_0xa51450e60;  1 drivers
v0xa5144fe80_0 .net *"_ivl_28", 0 0, L_0xa514495e0;  1 drivers
v0xa5144ff20_0 .net *"_ivl_3", 0 0, L_0xa51450be0;  1 drivers
v0xa51454000_0 .net *"_ivl_33", 0 0, L_0xa51450f00;  1 drivers
v0xa514540a0_0 .net *"_ivl_34", 0 0, L_0xa51449650;  1 drivers
v0xa51454140_0 .net *"_ivl_39", 0 0, L_0xa51450fa0;  1 drivers
v0xa514541e0_0 .net *"_ivl_4", 0 0, L_0xa51449420;  1 drivers
v0xa51454280_0 .net *"_ivl_40", 0 0, L_0xa514496c0;  1 drivers
v0xa51454320_0 .net *"_ivl_46", 0 0, L_0xa514510e0;  1 drivers
v0xa514543c0_0 .net *"_ivl_47", 0 0, L_0xa51449730;  1 drivers
v0xa51454460_0 .net *"_ivl_9", 0 0, L_0xa51450c80;  1 drivers
v0xa51454500_0 .net "a", 7 0, v0xa51454960_0;  1 drivers
v0xa514545a0_0 .net "b", 7 0, v0xa51454a00_0;  1 drivers
v0xa51454640_0 .net "bin", 7 0, L_0xa51451040;  1 drivers
v0xa514546e0_0 .net "carry", 6 0, L_0xa51451e00;  1 drivers
v0xa51454780_0 .net "carry_in", 0 0, v0xa51454b40_0;  1 drivers
v0xa51454820_0 .net "carry_out", 0 0, L_0xa5144afb0;  alias, 1 drivers
v0xa514548c0_0 .net "y", 7 0, L_0xa51452080;  alias, 1 drivers
L_0xa51450be0 .part v0xa51454a00_0, 0, 1;
L_0xa51450c80 .part v0xa51454a00_0, 1, 1;
L_0xa51450d20 .part v0xa51454a00_0, 2, 1;
L_0xa51450dc0 .part v0xa51454a00_0, 3, 1;
L_0xa51450e60 .part v0xa51454a00_0, 4, 1;
L_0xa51450f00 .part v0xa51454a00_0, 5, 1;
L_0xa51450fa0 .part v0xa51454a00_0, 6, 1;
LS_0xa51451040_0_0 .concat8 [ 1 1 1 1], L_0xa51449420, L_0xa51449490, L_0xa51449500, L_0xa51449570;
LS_0xa51451040_0_4 .concat8 [ 1 1 1 1], L_0xa514495e0, L_0xa51449650, L_0xa514496c0, L_0xa51449730;
L_0xa51451040 .concat8 [ 4 4 0 0], LS_0xa51451040_0_0, LS_0xa51451040_0_4;
L_0xa514510e0 .part v0xa51454a00_0, 7, 1;
L_0xa51451180 .part v0xa51454960_0, 0, 1;
L_0xa51451220 .part L_0xa51451040, 0, 1;
L_0xa514512c0 .part v0xa51454960_0, 1, 1;
L_0xa51451360 .part L_0xa51451040, 1, 1;
L_0xa51451400 .part L_0xa51451e00, 0, 1;
L_0xa514514a0 .part v0xa51454960_0, 2, 1;
L_0xa51451540 .part L_0xa51451040, 2, 1;
L_0xa514515e0 .part L_0xa51451e00, 1, 1;
L_0xa51451720 .part v0xa51454960_0, 3, 1;
L_0xa514517c0 .part L_0xa51451040, 3, 1;
L_0xa51451860 .part L_0xa51451e00, 2, 1;
L_0xa51451900 .part v0xa51454960_0, 4, 1;
L_0xa51451680 .part L_0xa51451040, 4, 1;
L_0xa514519a0 .part L_0xa51451e00, 3, 1;
L_0xa51451a40 .part v0xa51454960_0, 5, 1;
L_0xa51451ae0 .part L_0xa51451040, 5, 1;
L_0xa51451b80 .part L_0xa51451e00, 4, 1;
L_0xa51451c20 .part v0xa51454960_0, 6, 1;
L_0xa51451cc0 .part L_0xa51451040, 6, 1;
L_0xa51451d60 .part L_0xa51451e00, 5, 1;
LS_0xa51451e00_0_0 .concat8 [ 1 1 1 1], L_0xa51449a40, L_0xa51449d50, L_0xa5144a0d0, L_0xa5144a370;
LS_0xa51451e00_0_4 .concat8 [ 1 1 1 0], L_0xa5144a680, L_0xa5144a990, L_0xa5144aca0;
L_0xa51451e00 .concat8 [ 4 3 0 0], LS_0xa51451e00_0_0, LS_0xa51451e00_0_4;
L_0xa51451ea0 .part v0xa51454960_0, 7, 1;
L_0xa51451f40 .part L_0xa51451040, 7, 1;
L_0xa51451fe0 .part L_0xa51451e00, 6, 1;
LS_0xa51452080_0_0 .concat8 [ 1 1 1 1], L_0xa51449810, L_0xa51449b20, L_0xa51449ea0, L_0xa5144a140;
LS_0xa51452080_0_4 .concat8 [ 1 1 1 1], L_0xa5144a450, L_0xa5144a760, L_0xa5144aa70, L_0xa5144ad80;
L_0xa51452080 .concat8 [ 4 4 0 0], LS_0xa51452080_0_0, LS_0xa51452080_0_4;
S_0x1049b6470 .scope module, "a0" "adder1" 4 32, 4 1 0, S_0x1049b62f0;
 .timescale 0 0;
    .port_info 0 /INPUT 1 "a";
    .port_info 1 /INPUT 1 "b";
    .port_info 2 /INPUT 1 "carry_in";
    .port_info 3 /OUTPUT 1 "y";
    .port_info 4 /OUTPUT 1 "carry";
L_0xa514497a0 .functor XOR 1, L_0xa51451180, L_0xa51451220, C4<0>, C4<0>;
L_0xa51449810 .functor XOR 1, L_0xa514497a0, v0xa51454b40_0, C4<0>, C4<0>;
L_0xa51449880 .functor AND 1, L_0xa51451180, L_0xa51451220, C4<1>, C4<1>;
L_0xa514498f0 .functor AND 1, L_0xa51451180, v0xa51454b40_0, C4<1>, C4<1>;
L_0xa51449960 .functor OR 1, L_0xa51449880, L_0xa514498f0, C4<0>, C4<0>;
L_0xa514499d0 .functor AND 1, L_0xa51451220, v0xa51454b40_0, C4<1>, C4<1>;
L_0xa51449a40 .functor OR 1, L_0xa51449960, L_0xa514499d0, C4<0>, C4<0>;
v0xa5144c8c0_0 .net *"_ivl_0", 0 0, L_0xa514497a0;  1 drivers
v0xa5144c960_0 .net *"_ivl_10", 0 0, L_0xa514499d0;  1 drivers
v0xa5144ca00_0 .net *"_ivl_4", 0 0, L_0xa51449880;  1 drivers
v0xa5144caa0_0 .net *"_ivl_6", 0 0, L_0xa514498f0;  1 drivers
v0xa5144cb40_0 .net *"_ivl_8", 0 0, L_0xa51449960;  1 drivers
v0xa5144cbe0_0 .net "a", 0 0, L_0xa51451180;  1 drivers
v0xa5144cc80_0 .net "b", 0 0, L_0xa51451220;  1 drivers
v0xa5144cd20_0 .net "carry", 0 0, L_0xa51449a40;  1 drivers
v0xa5144cdc0_0 .net "carry_in", 0 0, v0xa51454b40_0;  alias, 1 drivers
v0xa5144ce60_0 .net "y", 0 0, L_0xa51449810;  1 drivers
S_0x1049b4b10 .scope module, "a1" "adder1" 4 33, 4 1 0, S_0x1049b62f0;
 .timescale 0 0;
    .port_info 0 /INPUT 1 "a";
    .port_info 1 /INPUT 1 "b";
    .port_info 2 /INPUT 1 "carry_in";
    .port_info 3 /OUTPUT 1 "y";
    .port_info 4 /OUTPUT 1 "carry";
L_0xa51449ab0 .functor XOR 1, L_0xa514512c0, L_0xa51451360, C4<0>, C4<0>;
L_0xa51449b20 .functor XOR 1, L_0xa51449ab0, L_0xa51451400, C4<0>, C4<0>;
L_0xa51449b90 .functor AND 1, L_0xa514512c0, L_0xa51451360, C4<1>, C4<1>;
L_0xa51449c00 .functor AND 1, L_0xa514512c0, L_0xa51451400, C4<1>, C4<1>;
L_0xa51449c70 .functor OR 1, L_0xa51449b90, L_0xa51449c00, C4<0>, C4<0>;
L_0xa51449ce0 .functor AND 1, L_0xa51451360, L_0xa51451400, C4<1>, C4<1>;
L_0xa51449d50 .functor OR 1, L_0xa51449c70, L_0xa51449ce0, C4<0>, C4<0>;
v0xa5144cf00_0 .net *"_ivl_0", 0 0, L_0xa51449ab0;  1 drivers
v0xa5144cfa0_0 .net *"_ivl_10", 0 0, L_0xa51449ce0;  1 drivers
v0xa5144d040_0 .net *"_ivl_4", 0 0, L_0xa51449b90;  1 drivers
v0xa5144d0e0_0 .net *"_ivl_6", 0 0, L_0xa51449c00;  1 drivers
v0xa5144d180_0 .net *"_ivl_8", 0 0, L_0xa51449c70;  1 drivers
v0xa5144d220_0 .net "a", 0 0, L_0xa514512c0;  1 drivers
v0xa5144d2c0_0 .net "b", 0 0, L_0xa51451360;  1 drivers
v0xa5144d360_0 .net "carry", 0 0, L_0xa51449d50;  1 drivers
v0xa5144d400_0 .net "carry_in", 0 0, L_0xa51451400;  1 drivers
v0xa5144d4a0_0 .net "y", 0 0, L_0xa51449b20;  1 drivers
S_0x1049b4c90 .scope module, "a2" "adder1" 4 34, 4 1 0, S_0x1049b62f0;
 .timescale 0 0;
    .port_info 0 /INPUT 1 "a";
    .port_info 1 /INPUT 1 "b";
    .port_info 2 /INPUT 1 "carry_in";
    .port_info 3 /OUTPUT 1 "y";
    .port_info 4 /OUTPUT 1 "carry";
L_0xa51449e30 .functor XOR 1, L_0xa514514a0, L_0xa51451540, C4<0>, C4<0>;
L_0xa51449ea0 .functor XOR 1, L_0xa51449e30, L_0xa514515e0, C4<0>, C4<0>;
L_0xa51449f10 .functor AND 1, L_0xa514514a0, L_0xa51451540, C4<1>, C4<1>;
L_0xa51449f80 .functor AND 1, L_0xa514514a0, L_0xa514515e0, C4<1>, C4<1>;
L_0xa51449ff0 .functor OR 1, L_0xa51449f10, L_0xa51449f80, C4<0>, C4<0>;
L_0xa5144a060 .functor AND 1, L_0xa51451540, L_0xa514515e0, C4<1>, C4<1>;
L_0xa5144a0d0 .functor OR 1, L_0xa51449ff0, L_0xa5144a060, C4<0>, C4<0>;
v0xa5144d540_0 .net *"_ivl_0", 0 0, L_0xa51449e30;  1 drivers
v0xa5144d5e0_0 .net *"_ivl_10", 0 0, L_0xa5144a060;  1 drivers
v0xa5144d680_0 .net *"_ivl_4", 0 0, L_0xa51449f10;  1 drivers
v0xa5144d720_0 .net *"_ivl_6", 0 0, L_0xa51449f80;  1 drivers
v0xa5144d7c0_0 .net *"_ivl_8", 0 0, L_0xa51449ff0;  1 drivers
v0xa5144d860_0 .net "a", 0 0, L_0xa514514a0;  1 drivers
v0xa5144d900_0 .net "b", 0 0, L_0xa51451540;  1 drivers
v0xa5144d9a0_0 .net "carry", 0 0, L_0xa5144a0d0;  1 drivers
v0xa5144da40_0 .net "carry_in", 0 0, L_0xa514515e0;  1 drivers
v0xa5144dae0_0 .net "y", 0 0, L_0xa51449ea0;  1 drivers
S_0x1049c2f80 .scope module, "a3" "adder1" 4 35, 4 1 0, S_0x1049b62f0;
 .timescale 0 0;
    .port_info 0 /INPUT 1 "a";
    .port_info 1 /INPUT 1 "b";
    .port_info 2 /INPUT 1 "carry_in";
    .port_info 3 /OUTPUT 1 "y";
    .port_info 4 /OUTPUT 1 "carry";
L_0xa51449dc0 .functor XOR 1, L_0xa51451720, L_0xa514517c0, C4<0>, C4<0>;
L_0xa5144a140 .functor XOR 1, L_0xa51449dc0, L_0xa51451860, C4<0>, C4<0>;
L_0xa5144a1b0 .functor AND 1, L_0xa51451720, L_0xa514517c0, C4<1>, C4<1>;
L_0xa5144a220 .functor AND 1, L_0xa51451720, L_0xa51451860, C4<1>, C4<1>;
L_0xa5144a290 .functor OR 1, L_0xa5144a1b0, L_0xa5144a220, C4<0>, C4<0>;
L_0xa5144a300 .functor AND 1, L_0xa514517c0, L_0xa51451860, C4<1>, C4<1>;
L_0xa5144a370 .functor OR 1, L_0xa5144a290, L_0xa5144a300, C4<0>, C4<0>;
v0xa5144db80_0 .net *"_ivl_0", 0 0, L_0xa51449dc0;  1 drivers
v0xa5144dc20_0 .net *"_ivl_10", 0 0, L_0xa5144a300;  1 drivers
v0xa5144dcc0_0 .net *"_ivl_4", 0 0, L_0xa5144a1b0;  1 drivers
v0xa5144dd60_0 .net *"_ivl_6", 0 0, L_0xa5144a220;  1 drivers
v0xa5144de00_0 .net *"_ivl_8", 0 0, L_0xa5144a290;  1 drivers
v0xa5144dea0_0 .net "a", 0 0, L_0xa51451720;  1 drivers
v0xa5144df40_0 .net "b", 0 0, L_0xa514517c0;  1 drivers
v0xa5144dfe0_0 .net "carry", 0 0, L_0xa5144a370;  1 drivers
v0xa5144e080_0 .net "carry_in", 0 0, L_0xa51451860;  1 drivers
v0xa5144e120_0 .net "y", 0 0, L_0xa5144a140;  1 drivers
S_0x1049c37b0 .scope module, "a4" "adder1" 4 36, 4 1 0, S_0x1049b62f0;
 .timescale 0 0;
    .port_info 0 /INPUT 1 "a";
    .port_info 1 /INPUT 1 "b";
    .port_info 2 /INPUT 1 "carry_in";
    .port_info 3 /OUTPUT 1 "y";
    .port_info 4 /OUTPUT 1 "carry";
L_0xa5144a3e0 .functor XOR 1, L_0xa51451900, L_0xa51451680, C4<0>, C4<0>;
L_0xa5144a450 .functor XOR 1, L_0xa5144a3e0, L_0xa514519a0, C4<0>, C4<0>;
L_0xa5144a4c0 .functor AND 1, L_0xa51451900, L_0xa51451680, C4<1>, C4<1>;
L_0xa5144a530 .functor AND 1, L_0xa51451900, L_0xa514519a0, C4<1>, C4<1>;
L_0xa5144a5a0 .functor OR 1, L_0xa5144a4c0, L_0xa5144a530, C4<0>, C4<0>;
L_0xa5144a610 .functor AND 1, L_0xa51451680, L_0xa514519a0, C4<1>, C4<1>;
L_0xa5144a680 .functor OR 1, L_0xa5144a5a0, L_0xa5144a610, C4<0>, C4<0>;
v0xa5144e1c0_0 .net *"_ivl_0", 0 0, L_0xa5144a3e0;  1 drivers
v0xa5144e260_0 .net *"_ivl_10", 0 0, L_0xa5144a610;  1 drivers
v0xa5144e300_0 .net *"_ivl_4", 0 0, L_0xa5144a4c0;  1 drivers
v0xa5144e3a0_0 .net *"_ivl_6", 0 0, L_0xa5144a530;  1 drivers
v0xa5144e440_0 .net *"_ivl_8", 0 0, L_0xa5144a5a0;  1 drivers
v0xa5144e4e0_0 .net "a", 0 0, L_0xa51451900;  1 drivers
v0xa5144e580_0 .net "b", 0 0, L_0xa51451680;  1 drivers
v0xa5144e620_0 .net "carry", 0 0, L_0xa5144a680;  1 drivers
v0xa5144e6c0_0 .net "carry_in", 0 0, L_0xa514519a0;  1 drivers
v0xa5144e760_0 .net "y", 0 0, L_0xa5144a450;  1 drivers
S_0x1049c3db0 .scope module, "a5" "adder1" 4 37, 4 1 0, S_0x1049b62f0;
 .timescale 0 0;
    .port_info 0 /INPUT 1 "a";
    .port_info 1 /INPUT 1 "b";
    .port_info 2 /INPUT 1 "carry_in";
    .port_info 3 /OUTPUT 1 "y";
    .port_info 4 /OUTPUT 1 "carry";
L_0xa5144a6f0 .functor XOR 1, L_0xa51451a40, L_0xa51451ae0, C4<0>, C4<0>;
L_0xa5144a760 .functor XOR 1, L_0xa5144a6f0, L_0xa51451b80, C4<0>, C4<0>;
L_0xa5144a7d0 .functor AND 1, L_0xa51451a40, L_0xa51451ae0, C4<1>, C4<1>;
L_0xa5144a840 .functor AND 1, L_0xa51451a40, L_0xa51451b80, C4<1>, C4<1>;
L_0xa5144a8b0 .functor OR 1, L_0xa5144a7d0, L_0xa5144a840, C4<0>, C4<0>;
L_0xa5144a920 .functor AND 1, L_0xa51451ae0, L_0xa51451b80, C4<1>, C4<1>;
L_0xa5144a990 .functor OR 1, L_0xa5144a8b0, L_0xa5144a920, C4<0>, C4<0>;
v0xa5144e800_0 .net *"_ivl_0", 0 0, L_0xa5144a6f0;  1 drivers
v0xa5144e8a0_0 .net *"_ivl_10", 0 0, L_0xa5144a920;  1 drivers
v0xa5144e940_0 .net *"_ivl_4", 0 0, L_0xa5144a7d0;  1 drivers
v0xa5144e9e0_0 .net *"_ivl_6", 0 0, L_0xa5144a840;  1 drivers
v0xa5144ea80_0 .net *"_ivl_8", 0 0, L_0xa5144a8b0;  1 drivers
v0xa5144eb20_0 .net "a", 0 0, L_0xa51451a40;  1 drivers
v0xa5144ebc0_0 .net "b", 0 0, L_0xa51451ae0;  1 drivers
v0xa5144ec60_0 .net "carry", 0 0, L_0xa5144a990;  1 drivers
v0xa5144ed00_0 .net "carry_in", 0 0, L_0xa51451b80;  1 drivers
v0xa5144eda0_0 .net "y", 0 0, L_0xa5144a760;  1 drivers
S_0x1049c3f30 .scope module, "a6" "adder1" 4 38, 4 1 0, S_0x1049b62f0;
 .timescale 0 0;
    .port_info 0 /INPUT 1 "a";
    .port_info 1 /INPUT 1 "b";
    .port_info 2 /INPUT 1 "carry_in";
    .port_info 3 /OUTPUT 1 "y";
    .port_info 4 /OUTPUT 1 "carry";
L_0xa5144aa00 .functor XOR 1, L_0xa51451c20, L_0xa51451cc0, C4<0>, C4<0>;
L_0xa5144aa70 .functor XOR 1, L_0xa5144aa00, L_0xa51451d60, C4<0>, C4<0>;
L_0xa5144aae0 .functor AND 1, L_0xa51451c20, L_0xa51451cc0, C4<1>, C4<1>;
L_0xa5144ab50 .functor AND 1, L_0xa51451c20, L_0xa51451d60, C4<1>, C4<1>;
L_0xa5144abc0 .functor OR 1, L_0xa5144aae0, L_0xa5144ab50, C4<0>, C4<0>;
L_0xa5144ac30 .functor AND 1, L_0xa51451cc0, L_0xa51451d60, C4<1>, C4<1>;
L_0xa5144aca0 .functor OR 1, L_0xa5144abc0, L_0xa5144ac30, C4<0>, C4<0>;
v0xa5144ee40_0 .net *"_ivl_0", 0 0, L_0xa5144aa00;  1 drivers
v0xa5144eee0_0 .net *"_ivl_10", 0 0, L_0xa5144ac30;  1 drivers
v0xa5144ef80_0 .net *"_ivl_4", 0 0, L_0xa5144aae0;  1 drivers
v0xa5144f020_0 .net *"_ivl_6", 0 0, L_0xa5144ab50;  1 drivers
v0xa5144f0c0_0 .net *"_ivl_8", 0 0, L_0xa5144abc0;  1 drivers
v0xa5144f160_0 .net "a", 0 0, L_0xa51451c20;  1 drivers
v0xa5144f200_0 .net "b", 0 0, L_0xa51451cc0;  1 drivers
v0xa5144f2a0_0 .net "carry", 0 0, L_0xa5144aca0;  1 drivers
v0xa5144f340_0 .net "carry_in", 0 0, L_0xa51451d60;  1 drivers
v0xa5144f3e0_0 .net "y", 0 0, L_0xa5144aa70;  1 drivers
S_0x1049c40b0 .scope module, "a7" "adder1" 4 39, 4 1 0, S_0x1049b62f0;
 .timescale 0 0;
    .port_info 0 /INPUT 1 "a";
    .port_info 1 /INPUT 1 "b";
    .port_info 2 /INPUT 1 "carry_in";
    .port_info 3 /OUTPUT 1 "y";
    .port_info 4 /OUTPUT 1 "carry";
L_0xa5144ad10 .functor XOR 1, L_0xa51451ea0, L_0xa51451f40, C4<0>, C4<0>;
L_0xa5144ad80 .functor XOR 1, L_0xa5144ad10, L_0xa51451fe0, C4<0>, C4<0>;
L_0xa5144adf0 .functor AND 1, L_0xa51451ea0, L_0xa51451f40, C4<1>, C4<1>;
L_0xa5144ae60 .functor AND 1, L_0xa51451ea0, L_0xa51451fe0, C4<1>, C4<1>;
L_0xa5144aed0 .functor OR 1, L_0xa5144adf0, L_0xa5144ae60, C4<0>, C4<0>;
L_0xa5144af40 .functor AND 1, L_0xa51451f40, L_0xa51451fe0, C4<1>, C4<1>;
L_0xa5144afb0 .functor OR 1, L_0xa5144aed0, L_0xa5144af40, C4<0>, C4<0>;
v0xa5144f480_0 .net *"_ivl_0", 0 0, L_0xa5144ad10;  1 drivers
v0xa5144f520_0 .net *"_ivl_10", 0 0, L_0xa5144af40;  1 drivers
v0xa5144f5c0_0 .net *"_ivl_4", 0 0, L_0xa5144adf0;  1 drivers
v0xa5144f660_0 .net *"_ivl_6", 0 0, L_0xa5144ae60;  1 drivers
v0xa5144f700_0 .net *"_ivl_8", 0 0, L_0xa5144aed0;  1 drivers
v0xa5144f7a0_0 .net "a", 0 0, L_0xa51451ea0;  1 drivers
v0xa5144f840_0 .net "b", 0 0, L_0xa51451f40;  1 drivers
v0xa5144f8e0_0 .net "carry", 0 0, L_0xa5144afb0;  alias, 1 drivers
v0xa5144f980_0 .net "carry_in", 0 0, L_0xa51451fe0;  1 drivers
v0xa5144fa20_0 .net "y", 0 0, L_0xa5144ad80;  1 drivers
    .scope S_0x1049b9690;
T_0 ;
    %vpi_call/w 3 13 "$dumpfile", "dump.vcd" {0 0 0};
    %vpi_call/w 3 14 "$dumpvars", 32'sb00000000000000000000000000000000, S_0x1049b9690 {0 0 0};
    %pushi/vec4 5, 0, 8;
    %store/vec4 v0xa51454960_0, 0, 8;
    %pushi/vec4 5, 0, 8;
    %store/vec4 v0xa51454a00_0, 0, 8;
    %pushi/vec4 0, 0, 1;
    %store/vec4 v0xa51454b40_0, 0, 1;
    %delay 1, 0;
    %load/vec4 v0xa51454be0_0;
    %cmpi/e 10, 0, 8;
    %jmp/0xz  T_0.0, 6;
    %jmp T_0.1;
T_0.0 ;
    %vpi_call/w 3 20 "$fatal", 32'sb00000000000000000000000000000001, "wrong output for a %b b %b y=%b", v0xa51454960_0, v0xa51454a00_0, v0xa51454be0_0 {0 0 0};
T_0.1 ;
    %pushi/vec4 8, 0, 8;
    %store/vec4 v0xa51454960_0, 0, 8;
    %pushi/vec4 5, 0, 8;
    %store/vec4 v0xa51454a00_0, 0, 8;
    %pushi/vec4 0, 0, 1;
    %store/vec4 v0xa51454b40_0, 0, 1;
    %delay 1, 0;
    %load/vec4 v0xa51454be0_0;
    %cmpi/e 13, 0, 8;
    %jmp/0xz  T_0.2, 6;
    %jmp T_0.3;
T_0.2 ;
    %vpi_call/w 3 26 "$fatal", 32'sb00000000000000000000000000000001, "wrong output for a %b b %b y=%b", v0xa51454960_0, v0xa51454a00_0, v0xa51454be0_0 {0 0 0};
T_0.3 ;
    %pushi/vec4 8, 0, 8;
    %store/vec4 v0xa51454960_0, 0, 8;
    %pushi/vec4 5, 0, 8;
    %store/vec4 v0xa51454a00_0, 0, 8;
    %pushi/vec4 1, 0, 1;
    %store/vec4 v0xa51454b40_0, 0, 1;
    %delay 1, 0;
    %load/vec4 v0xa51454be0_0;
    %cmpi/e 3, 0, 8;
    %jmp/0xz  T_0.4, 6;
    %jmp T_0.5;
T_0.4 ;
    %vpi_call/w 3 32 "$fatal", 32'sb00000000000000000000000000000001, "wrong output for a %b b %b y=%b", v0xa51454960_0, v0xa51454a00_0, v0xa51454be0_0 {0 0 0};
T_0.5 ;
    %vpi_call/w 3 34 "$display", "All test passed" {0 0 0};
    %vpi_call/w 3 35 "$finish" {0 0 0};
    %end;
    .thread T_0;
# The file index is used to find the file name in the following table.
:file_names 5;
    "N/A";
    "<interactive>";
    "-";
    "tb.v";
    "adder.v";
